Arguments: 
  /Users/mcneela86/.nvm/versions/node/v14.15.5/bin/node /usr/local/bin/yarn

PATH: 
  /Users/mcneela86/.nvm/versions/node/v14.15.5/bin:/usr/local/bin:/usr/bin:/bin:/usr/sbin:/sbin:/Library/Apple/usr/bin:/Users/mcneela86/.nvm/versions/node/v14.15.5/bin

Yarn version: 
  1.22.4

Node version: 
  14.15.5

Platform: 
  darwin x64

Trace: 
  Error: https://registry.yarnpkg.com/@material-ui/core/-/core-4.11.3.tgz: ENOENT: no such file or directory, open '/Users/mcneela86/Library/Caches/Yarn/v6/npm-@material-ui-core-4.11.3-f22e41775b0bd075e36a7a093d43951bf7f63850-integrity/node_modules/@material-ui/core/.yarn-tarball.tgz'

npm manifest: 
  {
    "name": "marketing",
    "version": "1.0.0",
    "scripts": {
      "start": "webpack serve --config config/webpack.dev.js",
      "build": "webpack --config config/webpack.prod.js"
    },
    "dependencies": {
      "@material-ui/core": "^4.11.0",
      "@material-ui/icons": "^4.9.1",
      "react": "^17.0.1",
      "react-dom": "^17.0.1",
      "react-router-dom": "^5.2.0"
    },
    "devDependencies": {
      "@babel/core": "^7.12.3",
      "@babel/plugin-transform-runtime": "^7.12.1",
      "@babel/preset-env": "^7.12.1",
      "@babel/preset-react": "^7.12.1",
      "babel-loader": "^8.1.0",
      "clean-webpack-plugin": "^3.0.0",
      "css-loader": "^5.0.0",
      "html-webpack-plugin": "^4.5.0",
      "style-loader": "^2.0.0",
      "webpack": "^5.4.0",
      "webpack-cli": "^4.1.0",
      "webpack-dev-server": "^3.11.0",
      "webpack-merge": "^5.2.0"
    }
  }

yarn manifest: 
  No manifest

Lockfile: 
  No lockfile
